('int', -1)
('identifier', (0, 0))
(';', -1)
('int', -1)
('[]', -1)
('identifier', (8, 0))
(';', -1)
('read', -1)
('(', -1)
('identifier', (0, 0))
(')', -1)
(';', -1)
('for', -1)
('(', -1)
('int', -1)
('identifier', (5, 0))
('=', -1)
('identifier', (8, 1))
(';', -1)
('identifier', (5, 0))
('<', -1)
('identifier', (0, 0))
(';', -1)
('identifier', (5, 0))
('+=', -1)
('identifier', (9, 0))
(')', -1)
('{', -1)
('read', -1)
('(', -1)
('identifier', (8, 0))
('[', -1)
('identifier', (5, 0))
(']', -1)
(')', -1)
(';', -1)
('}', -1)
('int', -1)
('identifier', (6, 0))
('->', -1)
('identifier', (8, 0))
('[', -1)
('identifier', (8, 1))
(']', -1)
(';', -1)
('for', -1)
('(', -1)
('int', -1)
('identifier', (5, 0))
('=', -1)
('identifier', (9, 0))
(';', -1)
('identifier', (5, 0))
('<', -1)
('identifier', (0, 0))
(';', -1)
('identifier', (5, 0))
('+=', -1)
('identifier', (9, 0))
(')', -1)
('{', -1)
('if', -1)
('(', -1)
('identifier', (8, 0))
('[', -1)
('identifier', (5, 0))
(']', -1)
('>', -1)
('identifier', (6, 0))
(')', -1)
(':', -1)
('identifier', (6, 0))
('->', -1)
('identifier', (8, 0))
('[', -1)
('identifier', (5, 0))
(']', -1)
(';', -1)
('}', -1)
('write', -1)
('(', -1)
('identifier', (6, 0))
(')', -1)
(';', -1)
('exit', -1)
('(', -1)
('identifier', (8, 1))
(')', -1)
(';', -1)
